<?xml version="1.0" encoding="UTF-8"?>
<coverage generated="1667025803942" clover="3.2.0">
  <project timestamp="1667025803942" name="All files">
    <metrics statements="9" coveredstatements="9" conditionals="0" coveredconditionals="0" methods="5" coveredmethods="5" elements="14" coveredelements="14" complexity="0" loc="9" ncloc="9" packages="1" files="4" classes="4"/>
    <file name="add.js" path="C:\Users\LENOVO\Altcampus\TEST-WITH-JEST\add.js">
      <metrics statements="2" coveredstatements="2" conditionals="0" coveredconditionals="0" methods="1" coveredmethods="1"/>
      <line num="2" count="3" type="stmt"/>
      <line num="4" count="1" type="stmt"/>
    </file>
    <file name="calculator.js" path="C:\Users\LENOVO\Altcampus\TEST-WITH-JEST\calculator.js">
      <metrics statements="3" coveredstatements="3" conditionals="0" coveredconditionals="0" methods="2" coveredmethods="2"/>
      <line num="2" count="2" type="stmt"/>
      <line num="5" count="3" type="stmt"/>
      <line num="8" count="1" type="stmt"/>
    </file>
    <file name="cloneObject.js" path="C:\Users\LENOVO\Altcampus\TEST-WITH-JEST\cloneObject.js">
      <metrics statements="2" coveredstatements="2" conditionals="0" coveredconditionals="0" methods="1" coveredmethods="1"/>
      <line num="2" count="1" type="stmt"/>
      <line num="5" count="1" type="stmt"/>
    </file>
    <file name="sub.js" path="C:\Users\LENOVO\Altcampus\TEST-WITH-JEST\sub.js">
      <metrics statements="2" coveredstatements="2" conditionals="0" coveredconditionals="0" methods="1" coveredmethods="1"/>
      <line num="2" count="2" type="stmt"/>
      <line num="5" count="1" type="stmt"/>
    </file>
  </project>
</coverage>
